Using pre-set license
Built from '2022.3/staging' branch; Version is '2022.3.13f1 (5f90a5ebde0f) revision 6262949'; Using compiler version '192829333'; Build Type 'Release'
OS: 'Windows 10  (10.0.19045) 64bit Professional' Language: 'en' Physical Memory: 16300 MB
BatchMode: 1, IsHumanControllingUs: 0, StartBugReporterOnCrash: 0, Is64bit: 1, IsPro: 1

COMMAND LINE ARGUMENTS:
C:\Program Files\Unity\Hub\Editor\2022.3.13f1\Editor\Unity.exe
-adb2
-batchMode
-noUpm
-name
AssetImportWorker0
-projectPath
C:/uni/szoftverModszer/SZFM_2024_Medve_Botch/Unity
-logFile
Logs/AssetImportWorker0.log
-srvPort
54831
Successfully changed project path to: C:/uni/szoftverModszer/SZFM_2024_Medve_Botch/Unity
C:/uni/szoftverModszer/SZFM_2024_Medve_Botch/Unity
[UnityMemory] Configuration Parameters - Can be set up in boot.config
    "memorysetup-bucket-allocator-granularity=16"
    "memorysetup-bucket-allocator-bucket-count=8"
    "memorysetup-bucket-allocator-block-size=33554432"
    "memorysetup-bucket-allocator-block-count=8"
    "memorysetup-main-allocator-block-size=16777216"
    "memorysetup-thread-allocator-block-size=16777216"
    "memorysetup-gfx-main-allocator-block-size=16777216"
    "memorysetup-gfx-thread-allocator-block-size=16777216"
    "memorysetup-cache-allocator-block-size=4194304"
    "memorysetup-typetree-allocator-block-size=2097152"
    "memorysetup-profiler-bucket-allocator-granularity=16"
    "memorysetup-profiler-bucket-allocator-bucket-count=8"
    "memorysetup-profiler-bucket-allocator-block-size=33554432"
    "memorysetup-profiler-bucket-allocator-block-count=8"
    "memorysetup-profiler-allocator-block-size=16777216"
    "memorysetup-profiler-editor-allocator-block-size=1048576"
    "memorysetup-temp-allocator-size-main=16777216"
    "memorysetup-job-temp-allocator-block-size=2097152"
    "memorysetup-job-temp-allocator-block-size-background=1048576"
    "memorysetup-job-temp-allocator-reduction-small-platforms=262144"
    "memorysetup-allocator-temp-initial-block-size-main=262144"
    "memorysetup-allocator-temp-initial-block-size-worker=262144"
    "memorysetup-temp-allocator-size-background-worker=32768"
    "memorysetup-temp-allocator-size-job-worker=262144"
    "memorysetup-temp-allocator-size-preload-manager=33554432"
    "memorysetup-temp-allocator-size-nav-mesh-worker=65536"
    "memorysetup-temp-allocator-size-audio-worker=65536"
    "memorysetup-temp-allocator-size-cloud-worker=32768"
    "memorysetup-temp-allocator-size-gi-baking-worker=262144"
    "memorysetup-temp-allocator-size-gfx=262144"
Player connection [20456] Host "[IP] 192.168.1.2 [Port] 0 [Flags] 2 [Guid] 1514144523 [EditorId] 1514144523 [Version] 1048832 [Id] WindowsEditor(7,DESKTOP-O61V32C) [Debug] 1 [PackageName] WindowsEditor [ProjectName] Editor" joined multi-casting on [225.0.0.222:54997]...

Player connection [20456] Host "[IP] 192.168.1.2 [Port] 0 [Flags] 2 [Guid] 1514144523 [EditorId] 1514144523 [Version] 1048832 [Id] WindowsEditor(7,DESKTOP-O61V32C) [Debug] 1 [PackageName] WindowsEditor [ProjectName] Editor" joined alternative multi-casting on [225.0.0.222:34997]...

[Physics::Module] Initialized MultithreadedJobDispatcher with 5 workers.
Refreshing native plugins compatible for Editor in 17.69 ms, found 4 plugins.
Preloading 0 native plugins for Editor in 0.00 ms.
Initialize engine version: 2022.3.13f1 (5f90a5ebde0f)
[Subsystems] Discovering subsystems at path C:/Program Files/Unity/Hub/Editor/2022.3.13f1/Editor/Data/Resources/UnitySubsystems
[Subsystems] Discovering subsystems at path C:/uni/szoftverModszer/SZFM_2024_Medve_Botch/Unity/Assets
GfxDevice: creating device client; threaded=0; jobified=0
Direct3D:
    Version:  Direct3D 11.0 [level 11.1]
    Renderer: Intel(R) Arc(TM) A770 Graphics (ID=0x56a0)
    Vendor:   Intel
    VRAM:     16256 MB
    Driver:   32.0.101.6299
Initialize mono
Mono path[0] = 'C:/Program Files/Unity/Hub/Editor/2022.3.13f1/Editor/Data/Managed'
Mono path[1] = 'C:/Program Files/Unity/Hub/Editor/2022.3.13f1/Editor/Data/MonoBleedingEdge/lib/mono/unityjit-win32'
Mono config path = 'C:/Program Files/Unity/Hub/Editor/2022.3.13f1/Editor/Data/MonoBleedingEdge/etc'
Using monoOptions --debugger-agent=transport=dt_socket,embedding=1,server=y,suspend=n,address=127.0.0.1:56452
Begin MonoManager ReloadAssembly
Registering precompiled unity dll's ...
Register platform support module: C:/Program Files/Unity/Hub/Editor/2022.3.13f1/Editor/Data/PlaybackEngines/WindowsStandaloneSupport/UnityEditor.WindowsStandalone.Extensions.dll
Registered in 0.011819 seconds.
- Loaded All Assemblies, in  0.485 seconds
Native extension for WindowsStandalone target not found
Mono: successfully reloaded assembly
- Finished resetting the current domain, in  0.366 seconds
Domain Reload Profiling: 849ms
	BeginReloadAssembly (160ms)
		ExecutionOrderSort (0ms)
		DisableScriptedObjects (0ms)
		BackupInstance (0ms)
		ReleaseScriptingObjects (0ms)
		CreateAndSetChildDomain (1ms)
	RebuildCommonClasses (45ms)
	RebuildNativeTypeToScriptingClass (14ms)
	initialDomainReloadingComplete (79ms)
	LoadAllAssembliesAndSetupDomain (184ms)
		LoadAssemblies (157ms)
		RebuildTransferFunctionScriptingTraits (0ms)
		AnalyzeDomain (182ms)
			TypeCache.Refresh (181ms)
				TypeCache.ScanAssembly (160ms)
			ScanForSourceGeneratedMonoScriptInfo (0ms)
			ResolveRequiredComponents (1ms)
	FinalizeReload (367ms)
		ReleaseScriptCaches (0ms)
		RebuildScriptCaches (0ms)
		SetupLoadedEditorAssemblies (273ms)
			LogAssemblyErrors (0ms)
			InitializePlatformSupportModulesInManaged (17ms)
			SetLoadedEditorAssemblies (12ms)
			RefreshPlugins (0ms)
			BeforeProcessingInitializeOnLoad (5ms)
			ProcessInitializeOnLoadAttributes (174ms)
			ProcessInitializeOnLoadMethodAttributes (64ms)
			AfterProcessingInitializeOnLoad (0ms)
			EditorAssembliesLoaded (0ms)
		ExecutionOrderSort2 (0ms)
		AwakeInstancesAfterBackupRestoration (0ms)
========================================================================
Worker process is ready to serve import requests
Begin MonoManager ReloadAssembly
- Loaded All Assemblies, in  1.075 seconds
Refreshing native plugins compatible for Editor in 6.11 ms, found 4 plugins.
Native extension for WindowsStandalone target not found
Package Manager log level set to [2]
[Package Manager] Server::EnsureServerProcessIsRunning -- launch failed, reason: Unity was launched with the -noUpm command-line argument
[Package Manager] UpmClient::Send -- Unable to send message (not connected to UPM process).
[Package Manager] Cannot connect to Unity Package Manager local server
Mono: successfully reloaded assembly
- Finished resetting the current domain, in  1.135 seconds
Domain Reload Profiling: 2206ms
	BeginReloadAssembly (169ms)
		ExecutionOrderSort (0ms)
		DisableScriptedObjects (6ms)
		BackupInstance (0ms)
		ReleaseScriptingObjects (0ms)
		CreateAndSetChildDomain (22ms)
	RebuildCommonClasses (37ms)
	RebuildNativeTypeToScriptingClass (13ms)
	initialDomainReloadingComplete (47ms)
	LoadAllAssembliesAndSetupDomain (804ms)
		LoadAssemblies (415ms)
		RebuildTransferFunctionScriptingTraits (0ms)
		AnalyzeDomain (491ms)
			TypeCache.Refresh (378ms)
				TypeCache.ScanAssembly (351ms)
			ScanForSourceGeneratedMonoScriptInfo (63ms)
			ResolveRequiredComponents (48ms)
	FinalizeReload (1135ms)
		ReleaseScriptCaches (0ms)
		RebuildScriptCaches (0ms)
		SetupLoadedEditorAssemblies (904ms)
			LogAssemblyErrors (0ms)
			InitializePlatformSupportModulesInManaged (8ms)
			SetLoadedEditorAssemblies (6ms)
			RefreshPlugins (0ms)
			BeforeProcessingInitializeOnLoad (106ms)
			ProcessInitializeOnLoadAttributes (686ms)
			ProcessInitializeOnLoadMethodAttributes (88ms)
			AfterProcessingInitializeOnLoad (9ms)
			EditorAssembliesLoaded (0ms)
		ExecutionOrderSort2 (0ms)
		AwakeInstancesAfterBackupRestoration (8ms)
Launched and connected shader compiler UnityShaderCompiler.exe after 0.05 seconds
Refreshing native plugins compatible for Editor in 7.62 ms, found 4 plugins.
Preloading 0 native plugins for Editor in 0.00 ms.
Unloading 5924 Unused Serialized files (Serialized files now loaded: 0)
Unloading 101 unused Assets / (0.9 MB). Loaded Objects now: 6372.
Memory consumption went from 230.5 MB to 229.6 MB.
Total: 5.805000 ms (FindLiveObjects: 0.490000 ms CreateObjectMapping: 0.558600 ms MarkObjects: 4.249200 ms  DeleteObjects: 0.505800 ms)

AssetImportParameters requested are different than current active one (requested -> active):
  custom:container-demuxer-ogg: 62fdf1f143b41e24485cea50d1cbac27 -> 
  custom:video-decoder-ogg-theora: a1e56fd34408186e4bbccfd4996cb3dc -> 
  custom:framework-win-MediaFoundation: 216162199b28c13a410421893ffa2e32 -> 
  custom:CustomObjectIndexerAttribute: a3ef5dd2817f97addfee359851a9dba5 -> 
  custom:container-demuxer-webm: 4f35f7cbe854078d1ac9338744f61a02 -> 
  custom:container-muxer-webm: aa71ff27fc2769a1b78a27578f13a17b -> 
  custom:video-decoder-webm-vp8: 9c59270c3fd7afecdb556c50c9e8de78 -> 
  custom:SearchIndexIgnoredProperties: e643bd26f0fe6173181afceb89e7c659 -> 
  custom:AudioImporter_EditorPlatform: d09bf68614088b80899f8185d706f6e7 -> 
  custom:video-encoder-webm-vp8: eb34c28f22e8b96e1ab97ce403110664 -> 
  custom:audio-decoder-ogg-vorbis: bf7c407c2cedff20999df2af8eb42d56 -> 
  custom:audio-encoder-webm-vorbis: bf7c407c2cedff20999df2af8eb42d56 -> 
========================================================================
Received Import Request.
  Time since last request: 10229.239035 seconds.
  path: Assets/Prefabs/World1/W1_LargeRoom_1.prefab
  artifactKey: Guid(5b08cb5c6e3691142abfc6f6bb3eef82) Importer(815301076,1909f56bfc062723c751e8b465ee728b)
Start importing Assets/Prefabs/World1/W1_LargeRoom_1.prefab using Guid(5b08cb5c6e3691142abfc6f6bb3eef82) Importer(815301076,1909f56bfc062723c751e8b465ee728b)  -> (artifact id: '1444a2decd836a4bf78af5011a57e0ca') in 0.350104 seconds
Number of updated asset objects reloaded before import = 0
Number of asset objects unloaded after import = 1209
========================================================================
Received Import Request.
  Time since last request: 29.660798 seconds.
  path: Assets/Prefabs/World1/W1_SmallRoom_1.prefab
  artifactKey: Guid(eb6cdbea8e73b714cbae730dab4b03a4) Importer(815301076,1909f56bfc062723c751e8b465ee728b)
Start importing Assets/Prefabs/World1/W1_SmallRoom_1.prefab using Guid(eb6cdbea8e73b714cbae730dab4b03a4) Importer(815301076,1909f56bfc062723c751e8b465ee728b)  -> (artifact id: 'db6b154af3bb207cac4f6167c4c3f264') in 0.037440 seconds
Number of updated asset objects reloaded before import = 0
Number of asset objects unloaded after import = 215
========================================================================
Received Import Request.
  Time since last request: 6.569140 seconds.
  path: Assets/Prefabs/World1/W1_SmallRoom_1.prefab
  artifactKey: Guid(eb6cdbea8e73b714cbae730dab4b03a4) Importer(815301076,1909f56bfc062723c751e8b465ee728b)
Start importing Assets/Prefabs/World1/W1_SmallRoom_1.prefab using Guid(eb6cdbea8e73b714cbae730dab4b03a4) Importer(815301076,1909f56bfc062723c751e8b465ee728b)  -> (artifact id: '946e237b1dc57cf443caf0c579521c8a') in 0.030240 seconds
Number of updated asset objects reloaded before import = 0
Number of asset objects unloaded after import = 215
========================================================================
Received Import Request.
  Time since last request: 0.765598 seconds.
  path: Assets/Prefabs/World1/W1_SmallRoom_1.prefab
  artifactKey: Guid(eb6cdbea8e73b714cbae730dab4b03a4) Importer(815301076,1909f56bfc062723c751e8b465ee728b)
Start importing Assets/Prefabs/World1/W1_SmallRoom_1.prefab using Guid(eb6cdbea8e73b714cbae730dab4b03a4) Importer(815301076,1909f56bfc062723c751e8b465ee728b)  -> (artifact id: '143ad5a5b71a24f613554325c389b7a7') in 0.031525 seconds
Number of updated asset objects reloaded before import = 0
Number of asset objects unloaded after import = 215
========================================================================
Received Import Request.
  Time since last request: 0.760192 seconds.
  path: Assets/Prefabs/World1/W1_SmallRoom_1.prefab
  artifactKey: Guid(eb6cdbea8e73b714cbae730dab4b03a4) Importer(815301076,1909f56bfc062723c751e8b465ee728b)
Start importing Assets/Prefabs/World1/W1_SmallRoom_1.prefab using Guid(eb6cdbea8e73b714cbae730dab4b03a4) Importer(815301076,1909f56bfc062723c751e8b465ee728b)  -> (artifact id: '751d86638b2c1513c55023d71aafed22') in 0.030712 seconds
Number of updated asset objects reloaded before import = 0
Number of asset objects unloaded after import = 215
========================================================================
Received Import Request.
  Time since last request: 3.977203 seconds.
  path: Assets/Prefabs/World1/W1_SmallRoom_1.prefab
  artifactKey: Guid(eb6cdbea8e73b714cbae730dab4b03a4) Importer(815301076,1909f56bfc062723c751e8b465ee728b)
Start importing Assets/Prefabs/World1/W1_SmallRoom_1.prefab using Guid(eb6cdbea8e73b714cbae730dab4b03a4) Importer(815301076,1909f56bfc062723c751e8b465ee728b)  -> (artifact id: 'f6e44d8f0c7ddeb8b79d069fbc537c0e') in 0.029632 seconds
Number of updated asset objects reloaded before import = 0
Number of asset objects unloaded after import = 215
========================================================================
Received Import Request.
  Time since last request: 0.766327 seconds.
  path: Assets/Prefabs/World1/W1_SmallRoom_1.prefab
  artifactKey: Guid(eb6cdbea8e73b714cbae730dab4b03a4) Importer(815301076,1909f56bfc062723c751e8b465ee728b)
Start importing Assets/Prefabs/World1/W1_SmallRoom_1.prefab using Guid(eb6cdbea8e73b714cbae730dab4b03a4) Importer(815301076,1909f56bfc062723c751e8b465ee728b)  -> (artifact id: 'ed33ed6dcf24df35a07b0102d13048c6') in 0.030762 seconds
Number of updated asset objects reloaded before import = 0
Number of asset objects unloaded after import = 215
========================================================================
Received Import Request.
  Time since last request: 2.169907 seconds.
  path: Assets/Prefabs/World1/W1_SmallRoom_1.prefab
  artifactKey: Guid(eb6cdbea8e73b714cbae730dab4b03a4) Importer(815301076,1909f56bfc062723c751e8b465ee728b)
Start importing Assets/Prefabs/World1/W1_SmallRoom_1.prefab using Guid(eb6cdbea8e73b714cbae730dab4b03a4) Importer(815301076,1909f56bfc062723c751e8b465ee728b)  -> (artifact id: '342b039d36416e10831da39ebaac288c') in 0.032141 seconds
Number of updated asset objects reloaded before import = 0
Number of asset objects unloaded after import = 215
========================================================================
Received Import Request.
  Time since last request: 1.969524 seconds.
  path: Assets/Prefabs/World1/W1_SmallRoom_1.prefab
  artifactKey: Guid(eb6cdbea8e73b714cbae730dab4b03a4) Importer(815301076,1909f56bfc062723c751e8b465ee728b)
Start importing Assets/Prefabs/World1/W1_SmallRoom_1.prefab using Guid(eb6cdbea8e73b714cbae730dab4b03a4) Importer(815301076,1909f56bfc062723c751e8b465ee728b)  -> (artifact id: 'e8ed4395d6df1e44abff0f9bae537bf7') in 0.031861 seconds
Number of updated asset objects reloaded before import = 0
Number of asset objects unloaded after import = 215
========================================================================
Received Import Request.
  Time since last request: 2.777624 seconds.
  path: Assets/Prefabs/World1/W1_SmallRoom_1.prefab
  artifactKey: Guid(eb6cdbea8e73b714cbae730dab4b03a4) Importer(815301076,1909f56bfc062723c751e8b465ee728b)
Start importing Assets/Prefabs/World1/W1_SmallRoom_1.prefab using Guid(eb6cdbea8e73b714cbae730dab4b03a4) Importer(815301076,1909f56bfc062723c751e8b465ee728b)  -> (artifact id: 'e4736c8039d4ca527c895b051a5292a9') in 0.030688 seconds
Number of updated asset objects reloaded before import = 0
Number of asset objects unloaded after import = 215
========================================================================
Received Import Request.
  Time since last request: 0.768732 seconds.
  path: Assets/Prefabs/World1/W1_SmallRoom_1.prefab
  artifactKey: Guid(eb6cdbea8e73b714cbae730dab4b03a4) Importer(815301076,1909f56bfc062723c751e8b465ee728b)
Start importing Assets/Prefabs/World1/W1_SmallRoom_1.prefab using Guid(eb6cdbea8e73b714cbae730dab4b03a4) Importer(815301076,1909f56bfc062723c751e8b465ee728b)  -> (artifact id: '7e5fb165411fabe82b45e57b9295e737') in 0.030717 seconds
Number of updated asset objects reloaded before import = 0
Number of asset objects unloaded after import = 215
========================================================================
Received Import Request.
  Time since last request: 0.968314 seconds.
  path: Assets/Prefabs/World1/W1_SmallRoom_1.prefab
  artifactKey: Guid(eb6cdbea8e73b714cbae730dab4b03a4) Importer(815301076,1909f56bfc062723c751e8b465ee728b)
Start importing Assets/Prefabs/World1/W1_SmallRoom_1.prefab using Guid(eb6cdbea8e73b714cbae730dab4b03a4) Importer(815301076,1909f56bfc062723c751e8b465ee728b)  -> (artifact id: 'ab4657fabe363cf0a868bd57f8d38629') in 0.031049 seconds
Number of updated asset objects reloaded before import = 0
Number of asset objects unloaded after import = 215
========================================================================
Received Import Request.
  Time since last request: 11.232835 seconds.
  path: Assets/Prefabs/World1/W1_SmallRoom_1.prefab
  artifactKey: Guid(eb6cdbea8e73b714cbae730dab4b03a4) Importer(815301076,1909f56bfc062723c751e8b465ee728b)
Start importing Assets/Prefabs/World1/W1_SmallRoom_1.prefab using Guid(eb6cdbea8e73b714cbae730dab4b03a4) Importer(815301076,1909f56bfc062723c751e8b465ee728b)  -> (artifact id: '0de8446b53702c6d20b9adc41df6406a') in 0.030402 seconds
Number of updated asset objects reloaded before import = 0
Number of asset objects unloaded after import = 215
========================================================================
Received Import Request.
  Time since last request: 9.752324 seconds.
  path: Assets/Prefabs/World1/W1_SmallRoom_1.prefab
  artifactKey: Guid(eb6cdbea8e73b714cbae730dab4b03a4) Importer(815301076,1909f56bfc062723c751e8b465ee728b)
Start importing Assets/Prefabs/World1/W1_SmallRoom_1.prefab using Guid(eb6cdbea8e73b714cbae730dab4b03a4) Importer(815301076,1909f56bfc062723c751e8b465ee728b)  -> (artifact id: '790da48db5da6491199b4bac78cce5ce') in 0.031713 seconds
Number of updated asset objects reloaded before import = 0
Number of asset objects unloaded after import = 216
========================================================================
Received Import Request.
  Time since last request: 5.268954 seconds.
  path: Assets/Prefabs/World1/W1_SmallRoom_1.prefab
  artifactKey: Guid(eb6cdbea8e73b714cbae730dab4b03a4) Importer(815301076,1909f56bfc062723c751e8b465ee728b)
Start importing Assets/Prefabs/World1/W1_SmallRoom_1.prefab using Guid(eb6cdbea8e73b714cbae730dab4b03a4) Importer(815301076,1909f56bfc062723c751e8b465ee728b)  -> (artifact id: '4be386a9aedeeaa7c0daeab2a405a928') in 0.030634 seconds
Number of updated asset objects reloaded before import = 0
Number of asset objects unloaded after import = 216
========================================================================
Received Import Request.
  Time since last request: 2.601373 seconds.
  path: Assets/Prefabs/World1/W1_SmallRoom_1.prefab
  artifactKey: Guid(eb6cdbea8e73b714cbae730dab4b03a4) Importer(815301076,1909f56bfc062723c751e8b465ee728b)
Start importing Assets/Prefabs/World1/W1_SmallRoom_1.prefab using Guid(eb6cdbea8e73b714cbae730dab4b03a4) Importer(815301076,1909f56bfc062723c751e8b465ee728b)  -> (artifact id: '6767278c5616a47a0dbbccd80a862b8b') in 0.034619 seconds
Number of updated asset objects reloaded before import = 0
Number of asset objects unloaded after import = 216
========================================================================
Received Import Request.
  Time since last request: 2.223444 seconds.
  path: Assets/Prefabs/World1/W1_SmallRoom_1.prefab
  artifactKey: Guid(eb6cdbea8e73b714cbae730dab4b03a4) Importer(815301076,1909f56bfc062723c751e8b465ee728b)
Start importing Assets/Prefabs/World1/W1_SmallRoom_1.prefab using Guid(eb6cdbea8e73b714cbae730dab4b03a4) Importer(815301076,1909f56bfc062723c751e8b465ee728b)  -> (artifact id: '0b2dcade90a6adbde2d0705f2cda0e65') in 0.033792 seconds
Number of updated asset objects reloaded before import = 0
Number of asset objects unloaded after import = 216
========================================================================
Received Import Request.
  Time since last request: 1.993626 seconds.
  path: Assets/Prefabs/World1/W1_SmallRoom_1.prefab
  artifactKey: Guid(eb6cdbea8e73b714cbae730dab4b03a4) Importer(815301076,1909f56bfc062723c751e8b465ee728b)
Start importing Assets/Prefabs/World1/W1_SmallRoom_1.prefab using Guid(eb6cdbea8e73b714cbae730dab4b03a4) Importer(815301076,1909f56bfc062723c751e8b465ee728b)  -> (artifact id: '35040d4385f0679097c1262aa7fa1eb6') in 0.030801 seconds
Number of updated asset objects reloaded before import = 0
Number of asset objects unloaded after import = 216
========================================================================
Received Import Request.
  Time since last request: 15.062050 seconds.
  path: Assets/Prefabs/World1/W1_StartTile_1.prefab
  artifactKey: Guid(f56d6657889850a4dba785b834c2eb96) Importer(815301076,1909f56bfc062723c751e8b465ee728b)
Start importing Assets/Prefabs/World1/W1_StartTile_1.prefab using Guid(f56d6657889850a4dba785b834c2eb96) Importer(815301076,1909f56bfc062723c751e8b465ee728b)  -> (artifact id: '09247c61cc5b2a9e4b43b47f0b7a7c23') in 0.060751 seconds
Number of updated asset objects reloaded before import = 0
Number of asset objects unloaded after import = 322
========================================================================
Received Import Request.
  Time since last request: 2.721387 seconds.
  path: Assets/Prefabs/World1/W1_StartTile_1.prefab
  artifactKey: Guid(f56d6657889850a4dba785b834c2eb96) Importer(815301076,1909f56bfc062723c751e8b465ee728b)
Start importing Assets/Prefabs/World1/W1_StartTile_1.prefab using Guid(f56d6657889850a4dba785b834c2eb96) Importer(815301076,1909f56bfc062723c751e8b465ee728b)  -> (artifact id: '6068725ceaa6c9eafdfb93e05e37296c') in 0.050029 seconds
Number of updated asset objects reloaded before import = 0
Number of asset objects unloaded after import = 324
========================================================================
Received Import Request.
  Time since last request: 2.418610 seconds.
  path: Assets/Prefabs/World1/W1_StartTile_1.prefab
  artifactKey: Guid(f56d6657889850a4dba785b834c2eb96) Importer(815301076,1909f56bfc062723c751e8b465ee728b)
Start importing Assets/Prefabs/World1/W1_StartTile_1.prefab using Guid(f56d6657889850a4dba785b834c2eb96) Importer(815301076,1909f56bfc062723c751e8b465ee728b)  -> (artifact id: '3fe2c3df106c85c021e0957933f47115') in 0.043070 seconds
Number of updated asset objects reloaded before import = 0
Number of asset objects unloaded after import = 324
========================================================================
Received Import Request.
  Time since last request: 1.364896 seconds.
  path: Assets/Prefabs/World1/W1_StartTile_1.prefab
  artifactKey: Guid(f56d6657889850a4dba785b834c2eb96) Importer(815301076,1909f56bfc062723c751e8b465ee728b)
Start importing Assets/Prefabs/World1/W1_StartTile_1.prefab using Guid(f56d6657889850a4dba785b834c2eb96) Importer(815301076,1909f56bfc062723c751e8b465ee728b)  -> (artifact id: '08ba4d7912d73b8569b63222328d0b26') in 0.045919 seconds
Number of updated asset objects reloaded before import = 0
Number of asset objects unloaded after import = 324
========================================================================
Received Import Request.
  Time since last request: 2.060452 seconds.
  path: Assets/Prefabs/World1/W1_StartTile_1.prefab
  artifactKey: Guid(f56d6657889850a4dba785b834c2eb96) Importer(815301076,1909f56bfc062723c751e8b465ee728b)
Start importing Assets/Prefabs/World1/W1_StartTile_1.prefab using Guid(f56d6657889850a4dba785b834c2eb96) Importer(815301076,1909f56bfc062723c751e8b465ee728b)  -> (artifact id: '202b33054e49a202dd62d1740fadb838') in 0.044396 seconds
Number of updated asset objects reloaded before import = 0
Number of asset objects unloaded after import = 324
